\BOOKMARK [1][-]{section.1}{\376\377\000B\000a\000c\000k\000g\000r\000o\000u\000n\000d\000\040\000\046\000\040\000S\000u\000m\000m\000a\000r\000y}{}% 1
\BOOKMARK [1][-]{section.2}{\376\377\000M\000e\000t\000h\000o\000d\000s}{}% 2
\BOOKMARK [2][-]{subsection.2.1}{\376\377\000D\000e\000s\000i\000g\000n}{section.2}% 3
\BOOKMARK [2][-]{subsection.2.2}{\376\377\000S\000e\000n\000s\000o\000r\000s}{section.2}% 4
\BOOKMARK [3][-]{subsubsection.2.2.1}{\376\377\000M\000a\000r\000k\000\040\0001\0000}{subsection.2.2}% 5
\BOOKMARK [3][-]{subsubsection.2.2.2}{\376\377\000F\000B\000G\000S}{subsection.2.2}% 6
\BOOKMARK [3][-]{subsubsection.2.2.3}{\376\377\000A\000T\000I\000-\000F\000T}{subsection.2.2}% 7
\BOOKMARK [3][-]{subsubsection.2.2.4}{\376\377\000G\000y\000r\000o\000s\000c\000o\000p\000e\000s}{subsection.2.2}% 8
\BOOKMARK [3][-]{subsubsection.2.2.5}{\376\377\000A\000c\000t\000u\000a\000t\000o\000r\000s}{subsection.2.2}% 9
\BOOKMARK [3][-]{subsubsection.2.2.6}{\376\377\000M\000o\000c\000a\000p}{subsection.2.2}% 10
\BOOKMARK [3][-]{subsubsection.2.2.7}{\376\377\000R\000e\000s\000e\000n\000s\000e\000\040\000F\000T}{subsection.2.2}% 11
\BOOKMARK [2][-]{subsection.2.3}{\376\377\000E\000x\000p\000e\000r\000i\000m\000e\000n\000t\000a\000l\000\040\000s\000e\000t\000u\000p}{section.2}% 12
\BOOKMARK [2][-]{subsection.2.4}{\376\377\000D\000a\000t\000a\000\040\000C\000o\000l\000l\000e\000c\000t\000i\000o\000n}{section.2}% 13
\BOOKMARK [1][-]{section.3}{\376\377\000D\000a\000t\000a\000\040\000R\000e\000c\000o\000r\000d\000s}{}% 14
\BOOKMARK [1][-]{section.4}{\376\377\000T\000e\000c\000h\000n\000i\000c\000a\000l\000\040\000V\000a\000l\000i\000d\000a\000t\000i\000o\000n}{}% 15
\BOOKMARK [2][-]{subsection.4.1}{\376\377\000S\000e\000n\000s\000o\000r\000\040\000n\000o\000i\000s\000e\000\040\000a\000n\000d\000\040\000c\000a\000l\000i\000b\000r\000a\000t\000i\000o\000n}{section.4}% 16
\BOOKMARK [2][-]{subsection.4.2}{\376\377\000K\000i\000n\000e\000m\000a\000t\000i\000c\000\040\000c\000r\000o\000s\000s\000-\000v\000a\000l\000i\000d\000a\000t\000i\000o\000n}{section.4}% 17
\BOOKMARK [3][-]{subsubsection.4.2.1}{\376\377\000C\000o\000m\000p\000a\000r\000i\000s\000o\000n\000\040\000o\000f\000\040\000r\000e\000c\000o\000r\000d\000e\000d\000\040\000s\000h\000a\000p\000e\000\040\000w\000i\000t\000h\000\040\000F\000B\000G\000S\000\040\000a\000n\000d\000\040\000M\000o\000t\000i\000o\000n\000\040\000C\000a\000p\000t\000u\000r\000e}{subsection.4.2}% 18
\BOOKMARK [3][-]{subsubsection.4.2.2}{\376\377\000V\000a\000l\000i\000d\000a\000t\000i\000o\000n\000\040\000o\000f\000\040\000C\000a\000b\000l\000e\000\040\000D\000i\000s\000p\000l\000a\000c\000e\000m\000e\000n\000t\000\040\000v\000i\000a\000\040\000M\000o\000t\000i\000o\000n\000\040\000C\000a\000p\000t\000u\000r\000e}{subsection.4.2}% 19
\BOOKMARK [2][-]{subsection.4.3}{\376\377\000F\000o\000r\000c\000e\040\023\000k\000i\000n\000e\000m\000a\000t\000i\000c\000s\000\040\000c\000o\000n\000s\000i\000s\000t\000e\000n\000c\000y}{section.4}% 20
\BOOKMARK [3][-]{subsubsection.4.3.1}{\376\377\000R\000o\000d\000\040\000m\000e\000c\000h\000a\000n\000i\000c\000a\000l\000\040\000p\000a\000r\000a\000m\000e\000t\000e\000r\000\040\000c\000h\000a\000r\000a\000c\000t\000e\000r\000i\000z\000a\000t\000i\000o\000n}{subsection.4.3}% 21
\BOOKMARK [3][-]{subsubsection.4.3.2}{\376\377\000C\000o\000m\000p\000a\000r\000i\000s\000o\000n\000\040\000o\000f\000\040\000t\000h\000e\000\040\000m\000e\000a\000s\000u\000r\000e\000d\000\040\000f\000o\000r\000c\000e\000s}{subsection.4.3}% 22
\BOOKMARK [2][-]{subsection.4.4}{\376\377\000C\000o\000n\000t\000a\000c\000t\000\040\000f\000o\000r\000c\000e\000\040\000v\000a\000l\000i\000d\000a\000t\000i\000o\000n}{section.4}% 23
\BOOKMARK [2][-]{subsection.4.5}{\376\377\000T\000e\000m\000p\000o\000r\000a\000l\000\040\000s\000y\000n\000c\000h\000r\000o\000n\000i\000z\000a\000t\000i\000o\000n}{section.4}% 24
\BOOKMARK [1][-]{section.5}{\376\377\000U\000s\000a\000g\000e\000\040\000N\000o\000t\000e\000s}{}% 25
\BOOKMARK [1][-]{section.6}{\376\377\000D\000a\000t\000a\000\040\000A\000v\000a\000i\000l\000a\000b\000i\000l\000i\000t\000y}{}% 26
\BOOKMARK [1][-]{section.7}{\376\377\000C\000o\000d\000e\000\040\000A\000v\000a\000i\000l\000a\000b\000i\000l\000i\000t\000y}{}% 27
\BOOKMARK [1][-]{section.8}{\376\377\000A\000u\000t\000h\000o\000r\000\040\000C\000o\000n\000t\000r\000i\000b\000u\000t\000i\000o\000n\000s}{}% 28
\BOOKMARK [1][-]{section.9}{\376\377\000C\000o\000m\000p\000e\000t\000i\000n\000g\000\040\000I\000n\000t\000e\000r\000e\000s\000t\000s}{}% 29
\BOOKMARK [1][-]{section.10}{\376\377\000F\000u\000n\000d\000i\000n\000g}{}% 30
